Thu 14 Sep 2023 04:58:19 PM UTC: 
 tests:  1|8
total_score: 0/70
d9b30b0
Thu 14 Sep 2023 05:35:13 PM UTC: 
 treemap.c | 9 +++++++--
 1 file changed, 7 insertions(+), 2 deletions(-)
In file included from test.c:4:
treemap.c: In function ‘createTreeMap’:
treemap.c:45:8: error: ‘TreeNode’ has no member named ‘root’
   45 |     new->root = NULL;
      |        ^~
treemap.c:46:8: error: ‘TreeNode’ has no member named ‘lower_than’
   46 |     new->lower_than = lower_than;
      |        ^~
treemap.c:47:10: error: ‘map’ undeclared (first use in this function)
   47 |   return map;
      |          ^~~
treemap.c:47:10: note: each undeclared identifier is reported only once for each function it appears in
treemap.c:48:1: error: control reaches end of non-void function [-Werror=return-type]
   48 | }
      | ^
cc1: all warnings being treated as errors
Compilation failed
d077ada
Thu 14 Sep 2023 05:35:46 PM UTC: 
 treemap.c | 2 +-
 1 file changed, 1 insertion(+), 1 deletion(-)
In file included from test.c:4:
treemap.c: In function ‘createTreeMap’:
treemap.c:40:19: error: initialization of ‘TreeMap *’ from incompatible pointer type ‘TreeNode *’ [-Werror=incompatible-pointer-types]
   40 |   TreeMap * new = (TreeNode *)malloc(sizeof(TreeNode));
      |                   ^
treemap.c:47:10: error: ‘map’ undeclared (first use in this function)
   47 |   return map;
      |          ^~~
treemap.c:47:10: note: each undeclared identifier is reported only once for each function it appears in
treemap.c:48:1: error: control reaches end of non-void function [-Werror=return-type]
   48 | }
      | ^
cc1: all warnings being treated as errors
Compilation failed
bd929db
Thu 14 Sep 2023 05:35:59 PM UTC: 
 treemap.c | 2 +-
 1 file changed, 1 insertion(+), 1 deletion(-)
In file included from test.c:4:
treemap.c: In function ‘createTreeMap’:
treemap.c:47:10: error: ‘map’ undeclared (first use in this function)
   47 |   return map;
      |          ^~~
treemap.c:47:10: note: each undeclared identifier is reported only once for each function it appears in
treemap.c:48:1: error: control reaches end of non-void function [-Werror=return-type]
   48 | }
      | ^
cc1: all warnings being treated as errors
Compilation failed
943e10a
Thu 14 Sep 2023 05:36:16 PM UTC: 
 treemap.c | 2 +-
 1 file changed, 1 insertion(+), 1 deletion(-)
 tests:  4|7
total_score: 5/70
604592a
Thu 14 Sep 2023 05:47:42 PM UTC: 
 treemap.c | 31 ++++++++++++++++++++++++++-----
 1 file changed, 26 insertions(+), 5 deletions(-)
In file included from test.c:4:
treemap.c: In function ‘insertTreeMap’:
treemap.c:54:10: error: ‘return’ with a value, in function returning void [-Werror=return-type]
   54 |   return NULL;
      |          ^~~~
treemap.c:52:6: note: declared here
   52 | void insertTreeMap(TreeMap * tree, void* key, void * value)
      |      ^~~~~~~~~~~~~
treemap.c: In function ‘searchTreeMap’:
treemap.c:93:33: error: expected ‘;’ before ‘}’ token
   93 |         current = current->right
      |                                 ^
      |                                 ;
   94 |       }
      |       ~                          
treemap.c:97:32: error: expected ‘;’ before ‘}’ token
   97 |         current = current->left
      |                                ^
      |                                ;
   98 |       }
      |       ~                         
treemap.c:100:1: error: control reaches end of non-void function [-Werror=return-type]
  100 | }
      | ^
cc1: all warnings being treated as errors
Compilation failed
3eae240
Thu 14 Sep 2023 05:47:57 PM UTC: 
 treemap.c | 4 ++--
 1 file changed, 2 insertions(+), 2 deletions(-)
In file included from test.c:4:
treemap.c: In function ‘insertTreeMap’:
treemap.c:54:10: error: ‘return’ with a value, in function returning void [-Werror=return-type]
   54 |   return NULL;
      |          ^~~~
treemap.c:52:6: note: declared here
   52 | void insertTreeMap(TreeMap * tree, void* key, void * value)
      |      ^~~~~~~~~~~~~
treemap.c: In function ‘searchTreeMap’:
treemap.c:100:1: error: control reaches end of non-void function [-Werror=return-type]
  100 | }
      | ^
cc1: all warnings being treated as errors
Compilation failed
699f4fa
Thu 14 Sep 2023 05:48:24 PM UTC: 
 treemap.c | 2 +-
 1 file changed, 1 insertion(+), 1 deletion(-)
In file included from test.c:4:
treemap.c: In function ‘searchTreeMap’:
treemap.c:100:1: error: control reaches end of non-void function [-Werror=return-type]
  100 | }
      | ^
cc1: all warnings being treated as errors
Compilation failed
c468574
Thu 14 Sep 2023 05:49:20 PM UTC: 
 treemap.c | 1 +
 1 file changed, 1 insertion(+)
 tests:  5|7
total_score: 5/70
68de27f
Thu 14 Sep 2023 05:52:23 PM UTC: 
 treemap.c | 1 +
 1 file changed, 1 insertion(+)
 tests:  5|7
total_score: 5/70
52373f2
Thu 14 Sep 2023 05:54:20 PM UTC: 
 treemap.c | 14 ++++++--------
 1 file changed, 6 insertions(+), 8 deletions(-)
 tests:  5|7
total_score: 5/70
e375a14
Thu 14 Sep 2023 05:59:08 PM UTC: 
 treemap.c | 1 -
 1 file changed, 1 deletion(-)
 tests:  5|7
total_score: 5/70
f81ac8b
Thu 14 Sep 2023 05:59:50 PM UTC: 
 treemap.c | 3 ++-
 1 file changed, 2 insertions(+), 1 deletion(-)
 tests:  5|7
total_score: 5/70
9b25972
Thu 14 Sep 2023 06:01:28 PM UTC: 
 treemap.c | 3 ++-
 1 file changed, 2 insertions(+), 1 deletion(-)
 tests:  6|7
total_score: 5/70
7c63ced
Thu 14 Sep 2023 06:01:54 PM UTC: 
 treemap.c | 2 +-
 1 file changed, 1 insertion(+), 1 deletion(-)
 tests:  6|7
total_score: 5/70
8119dba
Thu 14 Sep 2023 06:02:11 PM UTC: 
 treemap.c | 1 -
 1 file changed, 1 deletion(-)
 tests:  6|7
total_score: 5/70
0774daf
Thu 14 Sep 2023 06:03:42 PM UTC: 
 treemap.c | 5 +++--
 1 file changed, 3 insertions(+), 2 deletions(-)
 tests:  8|7
total_score: 5/70
71a4754
Thu 14 Sep 2023 06:07:13 PM UTC: 
 treemap.c | 1 +
 1 file changed, 1 insertion(+)
 tests:  8|7
total_score: 5/70
fb2a861
Thu 14 Sep 2023 06:11:27 PM UTC: 
 treemap.c | 6 +++++-
 1 file changed, 5 insertions(+), 1 deletion(-)
In file included from test.c:4:
treemap.c: In function ‘searchTreeMap’:
treemap.c:95:44: error: comparison between pointer and integer [-Werror]
   95 |         if(is_equal(current->pair->key,key == 1)
      |                                            ^~
treemap.c:95:44: error: passing argument 2 of ‘is_equal’ makes pointer from integer without a cast [-Werror=int-conversion]
   95 |         if(is_equal(current->pair->key,key == 1)
      |                                        ~~~~^~~~
      |                                            |
      |                                            int
treemap.c:22:35: note: expected ‘void *’ but argument is of type ‘int’
   22 | int is_equal(TreeMap* tree, void* key1, void* key2){
      |                             ~~~~~~^~~~
treemap.c:95:12: error: too few arguments to function ‘is_equal’
   95 |         if(is_equal(current->pair->key,key == 1)
      |            ^~~~~~~~
treemap.c:22:5: note: declared here
   22 | int is_equal(TreeMap* tree, void* key1, void* key2){
      |     ^~~~~~~~
treemap.c:95:49: error: expected ‘)’ before ‘{’ token
   95 |         if(is_equal(current->pair->key,key == 1)
      |           ~                                     ^
      |                                                 )
   96 |         {
      |         ~                                        
treemap.c:102:7: error: expected expression before ‘}’ token
  102 |       }
      |       ^
cc1: all warnings being treated as errors
Compilation failed
307a4ee
Thu 14 Sep 2023 06:12:14 PM UTC: 
 treemap.c | 2 +-
 1 file changed, 1 insertion(+), 1 deletion(-)
In file included from test.c:4:
treemap.c: In function ‘searchTreeMap’:
treemap.c:95:12: error: too few arguments to function ‘is_equal’
   95 |         if(is_equal(current->pair->key,key) == 1)
      |            ^~~~~~~~
treemap.c:22:5: note: declared here
   22 | int is_equal(TreeMap* tree, void* key1, void* key2){
      |     ^~~~~~~~
Compilation failed
ef08799
Thu 14 Sep 2023 06:13:22 PM UTC: 
 treemap.c | 2 +-
 1 file changed, 1 insertion(+), 1 deletion(-)
 tests:  8|7
total_score: 5/70
c868629
Thu 14 Sep 2023 06:13:47 PM UTC: 
 treemap.c | 25 +------------------------
 1 file changed, 1 insertion(+), 24 deletions(-)
 tests:  4|7
total_score: 5/70
1572025
Thu 14 Sep 2023 06:17:02 PM UTC: 
 treemap.c | 18 +++++++++++++++++-
 1 file changed, 17 insertions(+), 1 deletion(-)
test.c: In function ‘searchTreeMap’:
test.c:503:5: error: ‘main’ is normally a non-static function [-Werror=main]
  503 | int main( int argc, char *argv[] ) {
      |     ^~~~
test.c:606:1: error: expected declaration or statement at end of input
  606 | }
      | ^
test.c:607: error: control reaches end of non-void function [-Werror=return-type]
At top level:
test.c:503:5: error: ‘main’ defined but not used [-Werror=unused-function]
  503 | int main( int argc, char *argv[] ) {
      |     ^~~~
cc1: all warnings being treated as errors
Compilation failed
808e2fc
Thu 14 Sep 2023 06:19:21 PM UTC: 
 treemap.c | 5 +----
 1 file changed, 1 insertion(+), 4 deletions(-)
test.c: In function ‘searchTreeMap’:
test.c:503:5: error: ‘main’ is normally a non-static function [-Werror=main]
  503 | int main( int argc, char *argv[] ) {
      |     ^~~~
test.c:606:1: error: expected declaration or statement at end of input
  606 | }
      | ^
test.c:607: error: control reaches end of non-void function [-Werror=return-type]
At top level:
test.c:503:5: error: ‘main’ defined but not used [-Werror=unused-function]
  503 | int main( int argc, char *argv[] ) {
      |     ^~~~
cc1: all warnings being treated as errors
Compilation failed
31f5b2b
Thu 14 Sep 2023 06:20:58 PM UTC: 
 treemap.c | 9 +++++++--
 1 file changed, 7 insertions(+), 2 deletions(-)
In file included from test.c:4:
treemap.c:101:1: error: expected identifier or ‘(’ before ‘}’ token
  101 | }
      | ^
Compilation failed
b2c4228
Thu 14 Sep 2023 06:21:07 PM UTC: 
 treemap.c | 2 +-
 1 file changed, 1 insertion(+), 1 deletion(-)
 tests:  6|7
total_score: 5/70
4107926
Thu 14 Sep 2023 06:21:44 PM UTC: 
 treemap.c | 4 ++--
 1 file changed, 2 insertions(+), 2 deletions(-)
 tests:  8|7
total_score: 5/70
8aaddcf
Thu 14 Sep 2023 06:22:26 PM UTC: 
 treemap.c | 2 +-
 1 file changed, 1 insertion(+), 1 deletion(-)
 tests:  8|7
total_score: 5/70
0e0911a
Thu 14 Sep 2023 06:34:43 PM UTC: 
 treemap.c | 2 +-
 1 file changed, 1 insertion(+), 1 deletion(-)
In file included from test.c:4:
treemap.c: In function ‘searchTreeMap’:
treemap.c:81:11: error: unused variable ‘cmp’ [-Werror=unused-variable]
   81 |       int cmp = tree->lower_than(current->pair->key, key);
      |           ^~~
cc1: all warnings being treated as errors
Compilation failed
e4942d2
Thu 14 Sep 2023 06:34:53 PM UTC: 
 treemap.c | 2 +-
 1 file changed, 1 insertion(+), 1 deletion(-)
 tests:  8|7
total_score: 5/70
440ad62
Thu 14 Sep 2023 06:35:40 PM UTC: 
 treemap.c | 4 ++++
 1 file changed, 4 insertions(+)
 tests:  8|7
total_score: 5/70
9ceacbc
Thu 14 Sep 2023 06:36:23 PM UTC: 
 treemap.c | 9 +++------
 1 file changed, 3 insertions(+), 6 deletions(-)
 tests:  6|7
total_score: 5/70
68a53cd
Thu 14 Sep 2023 06:45:23 PM UTC: 
 treemap.c | 13 ++++++++-----
 1 file changed, 8 insertions(+), 5 deletions(-)
 tests:  8|7
total_score: 5/70
f1c3ad7
Fri 15 Sep 2023 09:34:41 PM UTC: 
 treemap.c | 2 +-
 1 file changed, 1 insertion(+), 1 deletion(-)
In file included from test.c:4:
treemap.c: In function ‘searchTreeMap’:
treemap.c:89:25: error: ‘TreeMap’ has no member named ‘lower_than_string’
   89 |          int comp = tree->lower_than_string(current->pair->key, key);
      |                         ^~
Compilation failed
90a5f7d
Fri 15 Sep 2023 09:34:53 PM UTC: 
 treemap.c | 2 +-
 1 file changed, 1 insertion(+), 1 deletion(-)
 tests:  8|7
total_score: 5/70
1552da6
Fri 15 Sep 2023 09:40:03 PM UTC: 
 treemap.c | 1 +
 1 file changed, 1 insertion(+)
In file included from test.c:4:
treemap.c: In function ‘searchTreeMap’:
treemap.c:87:7: error: expected identifier before ‘}’ token
   87 |       }
      |       ^
Compilation failed
de8317e
Fri 15 Sep 2023 09:40:12 PM UTC: 
 treemap.c | 2 +-
 1 file changed, 1 insertion(+), 1 deletion(-)
 tests:  8|7
total_score: 5/70
918591f
Fri 15 Sep 2023 09:41:02 PM UTC: 
 treemap.c | 2 +-
 1 file changed, 1 insertion(+), 1 deletion(-)
 tests:  8|7
total_score: 5/70
e169967
Fri 15 Sep 2023 09:44:05 PM UTC: 
 treemap.c | 13 +++++--------
 1 file changed, 5 insertions(+), 8 deletions(-)
In file included from test.c:4:
treemap.c:100:9: error: expected ‘=’, ‘,’, ‘;’, ‘asm’ or ‘__attribute__’ before ‘->’ token
  100 |     tree->current = NULL;
      |         ^~
treemap.c:101:5: error: expected identifier or ‘(’ before ‘return’
  101 |     return NULL;
      |     ^~~~~~
treemap.c:102:1: error: expected identifier or ‘(’ before ‘}’ token
  102 | }
      | ^
treemap.c: In function ‘searchTreeMap’:
treemap.c:97:1: error: control reaches end of non-void function [-Werror=return-type]
   97 | }
      | ^
cc1: all warnings being treated as errors
Compilation failed
0c128ec
Fri 15 Sep 2023 09:45:05 PM UTC: 
 treemap.c | 2 +-
 1 file changed, 1 insertion(+), 1 deletion(-)
 tests:  8|7
total_score: 5/70
5c65ff8
Fri 15 Sep 2023 09:45:29 PM UTC: 
 treemap.c | 1 +
 1 file changed, 1 insertion(+)
 tests:  8|7
total_score: 5/70
a31aba7
Fri 15 Sep 2023 09:47:02 PM UTC: 
 treemap.c | 2 +-
 1 file changed, 1 insertion(+), 1 deletion(-)
 tests:  8|7
total_score: 5/70
dae274d
Fri 15 Sep 2023 10:04:01 PM UTC: 
 treemap.c | 42 +++++++++++++++++++++++++++++++++++++++---
 1 file changed, 39 insertions(+), 3 deletions(-)
In file included from test.c:4:
treemap.c: In function ‘insertTreeMap’:
treemap.c:85:1: error: expected expression before ‘.’ token
   85 | .
      | ^
Compilation failed
5aa9bb6
Fri 15 Sep 2023 10:04:13 PM UTC: 
 treemap.c | 1 -
 1 file changed, 1 deletion(-)
 tests:  8|7
total_score: 5/70
f785c8f
Fri 15 Sep 2023 11:06:04 PM UTC: 
 treemap.c | 4 ++--
 1 file changed, 2 insertions(+), 2 deletions(-)
In file included from test.c:4:
treemap.c: In function ‘searchTreeMap’:
treemap.c:122:29: error: ‘actual’ undeclared (first use in this function)
  122 |     else if (is_equal(tree, actual->pair->key, key))
      |                             ^~~~~~
treemap.c:122:29: note: each undeclared identifier is reported only once for each function it appears in
Compilation failed
8af8ad2
Fri 15 Sep 2023 11:06:14 PM UTC: 
 treemap.c | 2 +-
 1 file changed, 1 insertion(+), 1 deletion(-)
 tests:  6|7
total_score: 5/70
5bf11b9
Fri 15 Sep 2023 11:08:33 PM UTC: 
 treemap.c | 1 -
 1 file changed, 1 deletion(-)
 tests:  6|7
total_score: 5/70
1d89fbf
Fri 15 Sep 2023 11:12:06 PM UTC: 
 treemap.c | 16 ++++++++--------
 1 file changed, 8 insertions(+), 8 deletions(-)
In file included from test.c:4:
treemap.c: In function ‘searchTreeMap’:
treemap.c:120:17: error: ‘current’ undeclared (first use in this function)
  120 |       vigente = current->left;
      |                 ^~~~~~~
treemap.c:120:17: note: each undeclared identifier is reported only once for each function it appears in
Compilation failed
d7f263d
Fri 15 Sep 2023 11:12:20 PM UTC: 
 treemap.c | 2 +-
 1 file changed, 1 insertion(+), 1 deletion(-)
 tests:  6|7
total_score: 5/70
11a12ea
Fri 15 Sep 2023 11:13:23 PM UTC: 
 treemap.c | 2 +-
 1 file changed, 1 insertion(+), 1 deletion(-)
In file included from test.c:4:
treemap.c: In function ‘searchTreeMap’:
treemap.c:118:30: error: ‘actual’ undeclared (first use in this function)
  118 |     if(tree->lower_than(key, actual->pair->key) == 1)
      |                              ^~~~~~
treemap.c:118:30: note: each undeclared identifier is reported only once for each function it appears in
treemap.c:117:9: error: unused variable ‘comp’ [-Werror=unused-variable]
  117 |     int comp = tree->lower_than(vigente->pair->key, key);
      |         ^~~~
cc1: all warnings being treated as errors
Compilation failed
edb720e
Fri 15 Sep 2023 11:13:31 PM UTC: 
 treemap.c | 1 -
 1 file changed, 1 deletion(-)
In file included from test.c:4:
treemap.c: In function ‘searchTreeMap’:
treemap.c:117:30: error: ‘actual’ undeclared (first use in this function)
  117 |     if(tree->lower_than(key, actual->pair->key) == 1)
      |                              ^~~~~~
treemap.c:117:30: note: each undeclared identifier is reported only once for each function it appears in
Compilation failed
635b413
Fri 15 Sep 2023 11:13:40 PM UTC: 
 treemap.c | 2 +-
 1 file changed, 1 insertion(+), 1 deletion(-)
 tests:  11|6
total_score: 15/70
4d9bcc9
Fri 15 Sep 2023 11:15:25 PM UTC: 
 treemap.c | 4 ++--
 1 file changed, 2 insertions(+), 2 deletions(-)
 tests:  11|6
total_score: 15/70
5c1be18
Fri 15 Sep 2023 11:19:37 PM UTC: 
 treemap.c | 13 +++++++++----
 1 file changed, 9 insertions(+), 4 deletions(-)
 tests:  13|5
total_score: 15/70
990306d
Fri 15 Sep 2023 11:20:01 PM UTC: 
 treemap.c | 2 +-
 1 file changed, 1 insertion(+), 1 deletion(-)
 tests:  13|5
total_score: 15/70
76fbbbc
Fri 15 Sep 2023 11:20:33 PM UTC: 
 treemap.c | 2 +-
 1 file changed, 1 insertion(+), 1 deletion(-)
 tests:  13|5
total_score: 15/70
3c83c77
Fri 15 Sep 2023 11:27:22 PM UTC: 
 treemap.c | 23 +++++++++++++----------
 1 file changed, 13 insertions(+), 10 deletions(-)
In file included from test.c:4:
treemap.c: In function ‘insertTreeMap’:
treemap.c:58:50: error: expected ‘)’ before ‘{’ token
   58 |       if (is_equal(tree, key, vigente->pair->key)
      |          ~                                       ^
      |                                                  )
   59 |       {
      |       ~                                           
treemap.c:70:5: error: expected expression before ‘}’ token
   70 |     }
      |     ^
treemap.c:75:9: error: ‘parent’ undeclared (first use in this function)
   75 |     if (parent == NULL) {
      |         ^~~~~~
treemap.c:75:9: note: each undeclared identifier is reported only once for each function it appears in
treemap.c:80:13: error: ‘comp’ undeclared (first use in this function)
   80 |         if (comp < 0) {
      |             ^~~~
treemap.c:52:15: error: variable ‘son’ set but not used [-Werror=unused-but-set-variable]
   52 |     TreeNode* son = NULL;
      |               ^~~
cc1: all warnings being treated as errors
Compilation failed
aa94551
Fri 15 Sep 2023 11:28:44 PM UTC: 
 treemap.c | 4 ++--
 1 file changed, 2 insertions(+), 2 deletions(-)
In file included from test.c:4:
treemap.c: In function ‘insertTreeMap’:
treemap.c:58:50: error: expected ‘)’ before ‘{’ token
   58 |       if (is_equal(tree, key, vigente->pair->key)
      |          ~                                       ^
      |                                                  )
   59 |       {
      |       ~                                           
treemap.c:70:5: error: expected expression before ‘}’ token
   70 |     }
      |     ^
treemap.c:75:9: error: ‘parent’ undeclared (first use in this function)
   75 |     if (parent == NULL) {
      |         ^~~~~~
treemap.c:75:9: note: each undeclared identifier is reported only once for each function it appears in
treemap.c:80:13: error: ‘comp’ undeclared (first use in this function)
   80 |         if (comp < 0) {
      |             ^~~~
treemap.c:52:15: error: variable ‘son’ set but not used [-Werror=unused-but-set-variable]
   52 |     TreeNode* son = NULL;
      |               ^~~
cc1: all warnings being treated as errors
Compilation failed
9a1b23d
Fri 15 Sep 2023 11:30:21 PM UTC: 
 treemap.c | 2 +-
 1 file changed, 1 insertion(+), 1 deletion(-)
In file included from test.c:4:
treemap.c: In function ‘insertTreeMap’:
treemap.c:57:50: error: expected ‘)’ before ‘{’ token
   57 |       if (is_equal(tree, key, vigente->pair->key)
      |          ~                                       ^
      |                                                  )
   58 |       {
      |       ~                                           
treemap.c:69:5: error: expected expression before ‘}’ token
   69 |     }
      |     ^
treemap.c:74:9: error: ‘parent’ undeclared (first use in this function)
   74 |     if (parent == NULL) {
      |         ^~~~~~
treemap.c:74:9: note: each undeclared identifier is reported only once for each function it appears in
treemap.c:79:13: error: ‘comp’ undeclared (first use in this function)
   79 |         if (comp < 0) {
      |             ^~~~
treemap.c:52:15: error: variable ‘son’ set but not used [-Werror=unused-but-set-variable]
   52 |     TreeNode* son = NULL;
      |               ^~~
cc1: all warnings being treated as errors
Compilation failed
4ff6c2a
Fri 15 Sep 2023 11:30:53 PM UTC: 
 treemap.c | 2 +-
 1 file changed, 1 insertion(+), 1 deletion(-)
In file included from test.c:4:
treemap.c: In function ‘insertTreeMap’:
treemap.c:74:9: error: ‘parent’ undeclared (first use in this function)
   74 |     if (parent == NULL) {
      |         ^~~~~~
treemap.c:74:9: note: each undeclared identifier is reported only once for each function it appears in
treemap.c:79:13: error: ‘comp’ undeclared (first use in this function)
   79 |         if (comp < 0) {
      |             ^~~~
treemap.c:52:15: error: variable ‘son’ set but not used [-Werror=unused-but-set-variable]
   52 |     TreeNode* son = NULL;
      |               ^~~
cc1: all warnings being treated as errors
Compilation failed
761dc7e
Fri 15 Sep 2023 11:31:52 PM UTC: 
 treemap.c | 23 ++---------------------
 1 file changed, 2 insertions(+), 21 deletions(-)
In file included from test.c:4:
treemap.c: In function ‘insertTreeMap’:
treemap.c:53:15: error: variable ‘son’ set but not used [-Werror=unused-but-set-variable]
   53 |     TreeNode* son = NULL;
      |               ^~~
cc1: all warnings being treated as errors
Compilation failed
04f5921
Fri 15 Sep 2023 11:36:56 PM UTC: 
 treemap.c | 9 +++++++++
 1 file changed, 9 insertions(+)
In file included from test.c:4:
treemap.c: In function ‘insertTreeMap’:
treemap.c:76:51: error: expected ‘)’ before ‘{’ token
   76 |     else if (tree->lower_than(key, son->pair->key)
      |             ~                                     ^
      |                                                   )
   77 |     {
      |     ~                                              
treemap.c:80:1: error: expected expression before ‘}’ token
   80 | }
      | ^
test.c:503:5: error: ‘main’ is normally a non-static function [-Werror=main]
  503 | int main( int argc, char *argv[] ) {
      |     ^~~~
test.c:606:1: error: expected declaration or statement at end of input
  606 | }
      | ^
At top level:
test.c:503:5: error: ‘main’ defined but not used [-Werror=unused-function]
  503 | int main( int argc, char *argv[] ) {
      |     ^~~~
cc1: all warnings being treated as errors
Compilation failed
8e6f8c4
Fri 15 Sep 2023 11:37:23 PM UTC: 
 treemap.c | 2 +-
 1 file changed, 1 insertion(+), 1 deletion(-)
In file included from test.c:4:
treemap.c: In function ‘insertTreeMap’:
treemap.c:76:51: error: expected ‘)’ before ‘{’ token
   76 |     else if (tree->lower_than(key, son->pair->key)
      |             ~                                     ^
      |                                                   )
   77 |     {
      |     ~                                              
treemap.c:80:1: error: expected expression before ‘}’ token
   80 | }
      | ^
test.c:503:5: error: ‘main’ is normally a non-static function [-Werror=main]
  503 | int main( int argc, char *argv[] ) {
      |     ^~~~
test.c:606:1: error: expected declaration or statement at end of input
  606 | }
      | ^
At top level:
test.c:503:5: error: ‘main’ defined but not used [-Werror=unused-function]
  503 | int main( int argc, char *argv[] ) {
      |     ^~~~
cc1: all warnings being treated as errors
Compilation failed
e2b4373
Fri 15 Sep 2023 11:38:48 PM UTC: 
 treemap.c | 5 +++++
 1 file changed, 5 insertions(+)
In file included from test.c:4:
treemap.c: In function ‘insertTreeMap’:
treemap.c:75:51: error: expected ‘)’ before ‘{’ token
   75 |     else if (tree->lower_than(key, son->pair->key)
      |             ~                                     ^
      |                                                   )
   76 |     {
      |     ~                                              
treemap.c:83:1: error: expected expression before ‘}’ token
   83 | }
      | ^
test.c:503:5: error: ‘main’ is normally a non-static function [-Werror=main]
  503 | int main( int argc, char *argv[] ) {
      |     ^~~~
test.c:606:1: error: expected declaration or statement at end of input
  606 | }
      | ^
At top level:
test.c:503:5: error: ‘main’ defined but not used [-Werror=unused-function]
  503 | int main( int argc, char *argv[] ) {
      |     ^~~~
cc1: all warnings being treated as errors
Compilation failed
bf55477
Fri 15 Sep 2023 11:39:07 PM UTC: 
 treemap.c | 4 ++--
 1 file changed, 2 insertions(+), 2 deletions(-)
In file included from test.c:4:
treemap.c: In function ‘insertTreeMap’:
treemap.c:77:26: error: expected ‘;’ before ‘}’ token
   77 |       son->left = newNodo
      |                          ^
      |                          ;
   78 |     }
      |     ~                     
test.c:503:5: error: ‘main’ is normally a non-static function [-Werror=main]
  503 | int main( int argc, char *argv[] ) {
      |     ^~~~
test.c:606:1: error: expected declaration or statement at end of input
  606 | }
      | ^
At top level:
test.c:503:5: error: ‘main’ defined but not used [-Werror=unused-function]
  503 | int main( int argc, char *argv[] ) {
      |     ^~~~
cc1: all warnings being treated as errors
Compilation failed
94a303c
Fri 15 Sep 2023 11:39:13 PM UTC: 
 treemap.c | 2 +-
 1 file changed, 1 insertion(+), 1 deletion(-)
test.c: In function ‘insertTreeMap’:
test.c:503:5: error: ‘main’ is normally a non-static function [-Werror=main]
  503 | int main( int argc, char *argv[] ) {
      |     ^~~~
test.c:606:1: error: expected declaration or statement at end of input
  606 | }
      | ^
At top level:
test.c:503:5: error: ‘main’ defined but not used [-Werror=unused-function]
  503 | int main( int argc, char *argv[] ) {
      |     ^~~~
cc1: all warnings being treated as errors
Compilation failed
e41707a
Fri 15 Sep 2023 11:42:19 PM UTC: 
 treemap.c | 1 +
 1 file changed, 1 insertion(+)
test.c: In function ‘insertTreeMap’:
test.c:503:5: error: ‘main’ is normally a non-static function [-Werror=main]
  503 | int main( int argc, char *argv[] ) {
      |     ^~~~
test.c:606:1: error: expected declaration or statement at end of input
  606 | }
      | ^
At top level:
test.c:503:5: error: ‘main’ defined but not used [-Werror=unused-function]
  503 | int main( int argc, char *argv[] ) {
      |     ^~~~
cc1: all warnings being treated as errors
Compilation failed
13c75d2
Fri 15 Sep 2023 11:52:41 PM UTC: 
 treemap.c | 2 +-
 1 file changed, 1 insertion(+), 1 deletion(-)
test.c: In function ‘insertTreeMap’:
test.c:503:5: error: ‘main’ is normally a non-static function [-Werror=main]
  503 | int main( int argc, char *argv[] ) {
      |     ^~~~
test.c:606:1: error: expected declaration or statement at end of input
  606 | }
      | ^
At top level:
test.c:503:5: error: ‘main’ defined but not used [-Werror=unused-function]
  503 | int main( int argc, char *argv[] ) {
      |     ^~~~
cc1: all warnings being treated as errors
Compilation failed
9a978f9
Fri 15 Sep 2023 11:53:55 PM UTC: 
 treemap.c | 2 +-
 1 file changed, 1 insertion(+), 1 deletion(-)
test.c: In function ‘insertTreeMap’:
test.c:503:5: error: ‘main’ is normally a non-static function [-Werror=main]
  503 | int main( int argc, char *argv[] ) {
      |     ^~~~
test.c:606:1: error: expected declaration or statement at end of input
  606 | }
      | ^
At top level:
test.c:503:5: error: ‘main’ defined but not used [-Werror=unused-function]
  503 | int main( int argc, char *argv[] ) {
      |     ^~~~
cc1: all warnings being treated as errors
Compilation failed
d8a2ce9
Fri 15 Sep 2023 11:56:49 PM UTC: 
 treemap.c | 15 ++++++++-------
 1 file changed, 8 insertions(+), 7 deletions(-)
 tests:  15|4
total_score: 25/70
c5f1898
Fri 15 Sep 2023 11:57:41 PM UTC: 
 treemap.c | 12 ++++++------
 1 file changed, 6 insertions(+), 6 deletions(-)
 tests:  15|4
total_score: 25/70
ce1ccd0
Sat 16 Sep 2023 12:03:18 AM UTC: 
 treemap.c | 54 +++++++++++++++++++++++++++++++++++++++++++++++++++++-
 1 file changed, 53 insertions(+), 1 deletion(-)
 tests:  18|3
total_score: 40/70
3a23313
Sat 16 Sep 2023 12:10:42 AM UTC: 
 treemap.c | 51 +++++++++++++++++++++++++++++++++++++++++++--------
 1 file changed, 43 insertions(+), 8 deletions(-)
 tests:  25|1
total_score: 60/70
6bb6daa
Sat 16 Sep 2023 12:16:29 AM UTC: 
 treemap.c | 61 +++++++++++++++++++++++++++++++++++++------------------------
 1 file changed, 37 insertions(+), 24 deletions(-)
In file included from test.c:4:
treemap.c: In function ‘nextTreeMap’:
treemap.c:248:12: error: ‘successor’ undeclared (first use in this function); did you mean ‘sucesor’?
  248 |     return successor->pair;
      |            ^~~~~~~~~
      |            sucesor
treemap.c:248:12: note: each undeclared identifier is reported only once for each function it appears in
treemap.c:254:1: error: control reaches end of non-void function [-Werror=return-type]
  254 | }
      | ^
cc1: all warnings being treated as errors
Compilation failed
0764f98
Sat 16 Sep 2023 12:16:40 AM UTC: 
 treemap.c | 2 +-
 1 file changed, 1 insertion(+), 1 deletion(-)
 tests:  25|1
total_score: 60/70
64b31d9
Sat 16 Sep 2023 03:00:23 AM UTC: 
 treemap.c | 23 +++++++++++++++++++++++
 1 file changed, 23 insertions(+)
In file included from test.c:4:
treemap.c: In function ‘upperBound’:
treemap.c:214:7: error: ‘ub_node’ undeclared (first use in this function)
  214 |   if (ub_node == NULL)
      |       ^~~~~~~
treemap.c:214:7: note: each undeclared identifier is reported only once for each function it appears in
treemap.c:199:13: error: variable ‘ub’ set but not used [-Werror=unused-but-set-variable]
  199 |   TreeNode* ub = NULL;
      |             ^~
treemap.c:221:1: error: control reaches end of non-void function [-Werror=return-type]
  221 | }
      | ^
cc1: all warnings being treated as errors
Compilation failed
9d2c279
Sat 16 Sep 2023 03:00:50 AM UTC: 
 treemap.c | 10 ++++++----
 1 file changed, 6 insertions(+), 4 deletions(-)
 tests:  29|0
total_score: 70/70
0d48e31
